{"level":"info","message":"⌛ Building environment","timeElapsed":293,"timestamp":"2026-04-06T20:29:12.511Z"}
{"level":"info","message":"⌛ Building environment","timeElapsed":328,"timestamp":"2026-04-06T20:29:12.846Z"}
{"level":"info","message":"⌛ Building environment","timeElapsed":112,"timestamp":"2026-04-06T20:29:12.964Z"}
{"level":"info","message":"⌛ Building environment","timeElapsed":171,"timestamp":"2026-04-06T20:29:13.136Z"}
{"level":"info","message":"⌛ Building environment","timeElapsed":170,"timestamp":"2026-04-06T20:29:13.311Z"}
{"level":"info","message":"⌛ Validating golosinas.wtest","timeElapsed":360,"timestamp":"2026-04-06T20:29:13.673Z"}
{"level":"info","message":"⌛ Building environment","timeElapsed":393,"timestamp":"2026-04-06T20:29:14.068Z"}
{"level":"info","message":"⌛ Validating mariano.wtest","timeElapsed":161,"timestamp":"2026-04-06T20:29:14.308Z"}
{"level":"info","message":"⌛ Validating mariano.wlk","timeElapsed":250,"timestamp":"2026-04-06T20:29:14.560Z"}
{"level":"info","message":"⌛ Validating golosinas.wlk","timeElapsed":149,"timestamp":"2026-04-06T20:29:14.726Z"}
{"level":"info","message":"⌛ Validating golosinas.wtest","timeElapsed":116,"timestamp":"2026-04-06T20:29:14.927Z"}
{"level":"info","message":"⌛ Building environment","timeElapsed":344,"timestamp":"2026-04-06T20:29:17.914Z"}
{"level":"info","message":"⌛ Validating golosinas.wtest","timeElapsed":312,"timestamp":"2026-04-06T20:29:18.243Z"}
{"level":"info","message":"⌛ Validating mariano.wtest","timeElapsed":287,"timestamp":"2026-04-06T20:29:18.531Z"}
{"level":"info","message":"⌛ Validating mariano.wlk","timeElapsed":146,"timestamp":"2026-04-06T20:29:18.679Z"}
{"level":"info","message":"⌛ Validating golosinas.wlk","timeElapsed":107,"timestamp":"2026-04-06T20:29:18.786Z"}
{"level":"info","message":"⌛ Building environment","timeElapsed":353,"timestamp":"2026-04-06T20:29:19.182Z"}
{"level":"info","message":"⌛ Validating golosinas.wtest","timeElapsed":141,"timestamp":"2026-04-06T20:29:19.332Z"}
{"level":"info","message":"⌛ Validating mariano.wtest","timeElapsed":185,"timestamp":"2026-04-06T20:29:19.518Z"}
{"level":"info","message":"⌛ Validating mariano.wlk","timeElapsed":153,"timestamp":"2026-04-06T20:29:19.671Z"}
{"level":"info","message":"⌛ Validating golosinas.wlk","timeElapsed":109,"timestamp":"2026-04-06T20:29:19.780Z"}
{"level":"info","message":"🧪 Test runner executed on c:\\Users\\cuscu\\Desktop\\tp2-golosinas-xXSLIMEXx16","result":{"errored":0,"failed":0,"ok":38},"testsFailed":[],"timeElapsed":902,"timestamp":"2026-04-06T20:29:22.621Z"}
{"level":"info","message":"🧪 Test runner executed on c:\\Users\\cuscu\\Desktop\\tp2-golosinas-xXSLIMEXx16","result":{"errored":0,"failed":0,"ok":3},"testsFailed":[],"timeElapsed":659,"timestamp":"2026-04-06T20:29:30.802Z"}
